c:\users\chikitkin\downloads\проект-20200514t111404z-001\проект\kappa-build\проект1\проект1\x64\release\vc140.pdb
c:\users\chikitkin\downloads\проект-20200514t111404z-001\проект\kappa-build\проект1\проект1\x64\release\thermodiffusion.obj
c:\users\chikitkin\downloads\проект-20200514t111404z-001\проект\kappa-build\проект1\проект1\x64\release\diffusion_air.obj
c:\users\chikitkin\downloads\проект-20200514t111404z-001\проект\kappa-build\проект1\проект1\x64\release\particle.obj
c:\users\chikitkin\downloads\проект-20200514t111404z-001\проект\kappa-build\проект1\проект1\x64\release\molecule.obj
c:\users\chikitkin\downloads\проект-20200514t111404z-001\проект\kappa-build\проект1\проект1\x64\release\atom.obj
c:\users\chikitkin\downloads\проект-20200514t111404z-001\проект\kappa-build\проект1\проект1\x64\release\numeric.obj
c:\users\chikitkin\downloads\проект-20200514t111404z-001\проект\kappa-build\проект1\проект1\x64\release\mixture.obj
c:\users\chikitkin\downloads\проект-20200514t111404z-001\проект\kappa-build\проект1\проект1\x64\release\interaction.obj
c:\users\chikitkin\downloads\проект-20200514t111404z-001\проект\kappa-build\проект1\проект1\x64\release\approximation_onet.obj
c:\users\chikitkin\downloads\проект-20200514t111404z-001\проект\kappa-build\проект1\проект1\x64\release\approximation.obj
c:\users\chikitkin\downloads\проект-20200514t111404z-001\проект\kappa-build\проект1\x64\release\проект1.exe
c:\users\chikitkin\downloads\проект-20200514t111404z-001\проект\kappa-build\проект1\x64\release\проект1.ipdb
c:\users\chikitkin\downloads\проект-20200514t111404z-001\проект\kappa-build\проект1\x64\release\проект1.iobj
c:\users\chikitkin\downloads\проект-20200514t111404z-001\проект\kappa-build\проект1\x64\release\проект1.pdb
c:\users\chikitkin\downloads\проект-20200514t111404z-001\проект\kappa-build\проект1\проект1\x64\release\проект1.tlog\cl.command.1.tlog
c:\users\chikitkin\downloads\проект-20200514t111404z-001\проект\kappa-build\проект1\проект1\x64\release\проект1.tlog\cl.read.1.tlog
c:\users\chikitkin\downloads\проект-20200514t111404z-001\проект\kappa-build\проект1\проект1\x64\release\проект1.tlog\cl.write.1.tlog
c:\users\chikitkin\downloads\проект-20200514t111404z-001\проект\kappa-build\проект1\проект1\x64\release\проект1.tlog\link.command.1.tlog
c:\users\chikitkin\downloads\проект-20200514t111404z-001\проект\kappa-build\проект1\проект1\x64\release\проект1.tlog\link.read.1.tlog
c:\users\chikitkin\downloads\проект-20200514t111404z-001\проект\kappa-build\проект1\проект1\x64\release\проект1.tlog\link.write.1.tlog
