  approximation.cpp
  approximation_onet.cpp
  interaction.cpp
..\..\..\Kappa\src\Interaction\interaction.cpp(76): warning C4101: 'e': unreferenced local variable
..\..\..\Kappa\src\Interaction\interaction.cpp(127): warning C4101: 'oor': unreferenced local variable
..\..\..\Kappa\src\Interaction\interaction.cpp(137): warning C4101: 'oor': unreferenced local variable
  mixture.cpp
..\..\..\Kappa\src\mixtures\mixture.cpp(2731): warning C4267: '=': conversion from 'size_t' to 'int', possible loss of data
..\..\..\Kappa\src\mixtures\mixture.cpp(2732): warning C4267: '=': conversion from 'size_t' to 'int', possible loss of data
..\..\..\Kappa\src\mixtures\mixture.cpp(2767): warning C4267: '=': conversion from 'size_t' to 'int', possible loss of data
..\..\..\Kappa\src\mixtures\mixture.cpp(2792): warning C4267: '=': conversion from 'size_t' to 'int', possible loss of data
..\..\..\Kappa\src\mixtures\mixture.cpp(2905): warning C4267: '=': conversion from 'size_t' to 'int', possible loss of data
..\..\..\Kappa\src\mixtures\mixture.cpp(2906): warning C4267: '=': conversion from 'size_t' to 'int', possible loss of data
..\..\..\Kappa\src\mixtures\mixture.cpp(2896): warning C4101: 'e': unreferenced local variable
..\..\..\Kappa\src\mixtures\mixture.cpp(5836): warning C4101: 'c': unreferenced local variable
..\..\..\Kappa\src\mixtures\mixture.cpp(5836): warning C4101: 'j': unreferenced local variable
..\..\..\Kappa\src\mixtures\mixture.cpp(5836): warning C4101: 'i': unreferenced local variable
..\..\..\Kappa\src\mixtures\mixture.cpp(5836): warning C4101: 'd': unreferenced local variable
c:\users\chikitkin\downloads\проект-20200514t111404z-001\проект\libs\armadillo\include\armadillo_bits/glue_solve_meat.hpp(47): warning C4800: 'arma::uword': forcing value to bool 'true' or 'false' (performance warning)
  c:\users\chikitkin\downloads\проект-20200514t111404z-001\проект\libs\armadillo\include\armadillo_bits/glue_solve_meat.hpp(27): note: see reference to function template instantiation 'bool arma::glue_solve_gen::apply<double,arma::Mat<double>,arma::Mat<double>>(arma::Mat<double> &,const arma::Base<eT,arma::Mat<eT>> &,const arma::Base<eT,arma::Mat<eT>> &,const arma::uword)' being compiled
          with
          [
              eT=double
          ]
  c:\users\chikitkin\downloads\проект-20200514t111404z-001\проект\libs\armadillo\include\armadillo_bits/Mat_meat.hpp(4952): note: see reference to function template instantiation 'void arma::glue_solve_gen::apply<arma::Mat<double>,arma::Mat<double>>(arma::Mat<double> &,const arma::Glue<arma::Mat<double>,arma::Mat<double>,arma::glue_solve_gen> &)' being compiled
  c:\users\chikitkin\downloads\проект-20200514t111404z-001\проект\libs\armadillo\include\armadillo_bits/Col_meat.hpp(399): note: see reference to function template instantiation 'const arma::Mat<double> &arma::Mat<double>::operator =<arma::Mat<double>,arma::Mat<double>,arma::glue_solve_gen>(const arma::Glue<arma::Mat<double>,arma::Mat<double>,arma::glue_solve_gen> &)' being compiled
  c:\users\chikitkin\downloads\проект-20200514t111404z-001\проект\libs\armadillo\include\armadillo_bits/Col_meat.hpp(399): note: see reference to function template instantiation 'const arma::Mat<double> &arma::Mat<double>::operator =<arma::Mat<double>,arma::Mat<double>,arma::glue_solve_gen>(const arma::Glue<arma::Mat<double>,arma::Mat<double>,arma::glue_solve_gen> &)' being compiled
  ..\..\..\Kappa\src\mixtures\mixture.cpp(5791): note: see reference to function template instantiation 'const arma::Col<double> &arma::Col<double>::operator =<arma::Glue<arma::Mat<double>,arma::Mat<double>,arma::glue_solve_gen>>(const arma::Base<double,arma::Glue<arma::Mat<double>,arma::Mat<double>,arma::glue_solve_gen>> &)' being compiled
  ..\..\..\Kappa\src\mixtures\mixture.cpp(5791): note: see reference to function template instantiation 'const arma::Col<double> &arma::Col<double>::operator =<arma::Glue<arma::Mat<double>,arma::Mat<double>,arma::glue_solve_gen>>(const arma::Base<double,arma::Glue<arma::Mat<double>,arma::Mat<double>,arma::glue_solve_gen>> &)' being compiled
c:\users\chikitkin\downloads\проект-20200514t111404z-001\проект\libs\armadillo\include\armadillo_bits/glue_solve_meat.hpp(48): warning C4800: 'arma::uword': forcing value to bool 'true' or 'false' (performance warning)
  numeric.cpp
  atom.cpp
  molecule.cpp
..\..\..\Kappa\src\Particles\molecule.cpp(131): warning C4101: 'e': unreferenced local variable
  particle.cpp
..\..\..\Kappa\src\Particles\particle.cpp(27): warning C4101: 'e': unreferenced local variable
  diffusion_air.cpp
..\..\..\Kappa\tests\mixtures\diffusion_air.cpp(37): warning C4101: 'p': unreferenced local variable
..\..\..\Kappa\tests\mixtures\diffusion_air.cpp(37): warning C4101: 'tot_ndens': unreferenced local variable
..\..\..\Kappa\tests\mixtures\diffusion_air.cpp(52): warning C4267: 'initializing': conversion from 'size_t' to 'int', possible loss of data
  thermodiffusion.cpp
..\..\..\Kappa\tests\mixtures\thermodiffusion.cpp(66): warning C4018: '<': signed/unsigned mismatch
  Generating code
c:\users\chikitkin\downloads\проект-20200514t111404z-001\проект\kappa\src\approximations\approximation.cpp(2306): warning C4715: 'kappa::Approximation::omega_integral': not all control paths return a value
  All 3375 functions were compiled because no usable IPDB/IOBJ from previous compilation was found.
  Finished generating code
  Проект1.vcxproj -> C:\Users\chikitkin\Downloads\проект-20200514T111404Z-001\проект\Kappa-build\Проект1\x64\Release\Проект1.exe
  Проект1.vcxproj -> C:\Users\chikitkin\Downloads\проект-20200514T111404Z-001\проект\Kappa-build\Проект1\x64\Release\Проект1.pdb (Full PDB)
