  thermodiffusion.cpp
c:\users\chikitkin\downloads\проект-20200514t111404z-001\проект\kappa\tests\mixtures\thermodiffusion.cpp(66): warning C4018: '<': signed/unsigned mismatch
  diffusion_air.cpp
  Generating Code...
libyaml-cppmdd.lib(directives.obj) : warning LNK4099: PDB 'yaml-cpp static md.pdb' was not found with 'libyaml-cppmdd.lib(directives.obj)' or at 'C:\Users\chikitkin\Downloads\??????-20200514T111404Z-001\??????\Kappa-build\??????1\x64\Debug\yaml-cpp static md.pdb'; linking object as if no debug info
libyaml-cppmdd.lib(exp.obj) : warning LNK4099: PDB 'yaml-cpp static md.pdb' was not found with 'libyaml-cppmdd.lib(exp.obj)' or at 'C:\Users\chikitkin\Downloads\??????-20200514T111404Z-001\??????\Kappa-build\??????1\x64\Debug\yaml-cpp static md.pdb'; linking object as if no debug info
libyaml-cppmdd.lib(memory.obj) : warning LNK4099: PDB 'yaml-cpp static md.pdb' was not found with 'libyaml-cppmdd.lib(memory.obj)' or at 'C:\Users\chikitkin\Downloads\??????-20200514T111404Z-001\??????\Kappa-build\??????1\x64\Debug\yaml-cpp static md.pdb'; linking object as if no debug info
libyaml-cppmdd.lib(nodebuilder.obj) : warning LNK4099: PDB 'yaml-cpp static md.pdb' was not found with 'libyaml-cppmdd.lib(nodebuilder.obj)' or at 'C:\Users\chikitkin\Downloads\??????-20200514T111404Z-001\??????\Kappa-build\??????1\x64\Debug\yaml-cpp static md.pdb'; linking object as if no debug info
libyaml-cppmdd.lib(node_data.obj) : warning LNK4099: PDB 'yaml-cpp static md.pdb' was not found with 'libyaml-cppmdd.lib(node_data.obj)' or at 'C:\Users\chikitkin\Downloads\??????-20200514T111404Z-001\??????\Kappa-build\??????1\x64\Debug\yaml-cpp static md.pdb'; linking object as if no debug info
libyaml-cppmdd.lib(parse.obj) : warning LNK4099: PDB 'yaml-cpp static md.pdb' was not found with 'libyaml-cppmdd.lib(parse.obj)' or at 'C:\Users\chikitkin\Downloads\??????-20200514T111404Z-001\??????\Kappa-build\??????1\x64\Debug\yaml-cpp static md.pdb'; linking object as if no debug info
libyaml-cppmdd.lib(parser.obj) : warning LNK4099: PDB 'yaml-cpp static md.pdb' was not found with 'libyaml-cppmdd.lib(parser.obj)' or at 'C:\Users\chikitkin\Downloads\??????-20200514T111404Z-001\??????\Kappa-build\??????1\x64\Debug\yaml-cpp static md.pdb'; linking object as if no debug info
libyaml-cppmdd.lib(regex_yaml.obj) : warning LNK4099: PDB 'yaml-cpp static md.pdb' was not found with 'libyaml-cppmdd.lib(regex_yaml.obj)' or at 'C:\Users\chikitkin\Downloads\??????-20200514T111404Z-001\??????\Kappa-build\??????1\x64\Debug\yaml-cpp static md.pdb'; linking object as if no debug info
libyaml-cppmdd.lib(scanner.obj) : warning LNK4099: PDB 'yaml-cpp static md.pdb' was not found with 'libyaml-cppmdd.lib(scanner.obj)' or at 'C:\Users\chikitkin\Downloads\??????-20200514T111404Z-001\??????\Kappa-build\??????1\x64\Debug\yaml-cpp static md.pdb'; linking object as if no debug info
libyaml-cppmdd.lib(scanscalar.obj) : warning LNK4099: PDB 'yaml-cpp static md.pdb' was not found with 'libyaml-cppmdd.lib(scanscalar.obj)' or at 'C:\Users\chikitkin\Downloads\??????-20200514T111404Z-001\??????\Kappa-build\??????1\x64\Debug\yaml-cpp static md.pdb'; linking object as if no debug info
libyaml-cppmdd.lib(scantag.obj) : warning LNK4099: PDB 'yaml-cpp static md.pdb' was not found with 'libyaml-cppmdd.lib(scantag.obj)' or at 'C:\Users\chikitkin\Downloads\??????-20200514T111404Z-001\??????\Kappa-build\??????1\x64\Debug\yaml-cpp static md.pdb'; linking object as if no debug info
libyaml-cppmdd.lib(scantoken.obj) : warning LNK4099: PDB 'yaml-cpp static md.pdb' was not found with 'libyaml-cppmdd.lib(scantoken.obj)' or at 'C:\Users\chikitkin\Downloads\??????-20200514T111404Z-001\??????\Kappa-build\??????1\x64\Debug\yaml-cpp static md.pdb'; linking object as if no debug info
libyaml-cppmdd.lib(simplekey.obj) : warning LNK4099: PDB 'yaml-cpp static md.pdb' was not found with 'libyaml-cppmdd.lib(simplekey.obj)' or at 'C:\Users\chikitkin\Downloads\??????-20200514T111404Z-001\??????\Kappa-build\??????1\x64\Debug\yaml-cpp static md.pdb'; linking object as if no debug info
libyaml-cppmdd.lib(singledocparser.obj) : warning LNK4099: PDB 'yaml-cpp static md.pdb' was not found with 'libyaml-cppmdd.lib(singledocparser.obj)' or at 'C:\Users\chikitkin\Downloads\??????-20200514T111404Z-001\??????\Kappa-build\??????1\x64\Debug\yaml-cpp static md.pdb'; linking object as if no debug info
libyaml-cppmdd.lib(stream.obj) : warning LNK4099: PDB 'yaml-cpp static md.pdb' was not found with 'libyaml-cppmdd.lib(stream.obj)' or at 'C:\Users\chikitkin\Downloads\??????-20200514T111404Z-001\??????\Kappa-build\??????1\x64\Debug\yaml-cpp static md.pdb'; linking object as if no debug info
libyaml-cppmdd.lib(tag.obj) : warning LNK4099: PDB 'yaml-cpp static md.pdb' was not found with 'libyaml-cppmdd.lib(tag.obj)' or at 'C:\Users\chikitkin\Downloads\??????-20200514T111404Z-001\??????\Kappa-build\??????1\x64\Debug\yaml-cpp static md.pdb'; linking object as if no debug info
  Проект1.vcxproj -> C:\Users\chikitkin\Downloads\проект-20200514T111404Z-001\проект\Kappa-build\Проект1\x64\Debug\Проект1.exe
  Проект1.vcxproj -> C:\Users\chikitkin\Downloads\проект-20200514T111404Z-001\проект\Kappa-build\Проект1\x64\Debug\Проект1.pdb (Partial PDB)
