d:\гам\проект\kappa-build\проект1\проект1\x64\debug\vc140.pdb
d:\гам\проект\kappa-build\проект1\проект1\x64\debug\vc140.idb
d:\гам\проект\kappa-build\проект1\проект1\x64\debug\approximation.obj
d:\гам\проект\kappa-build\проект1\проект1\x64\debug\omega_ci_rot.obj
d:\гам\проект\kappa-build\проект1\проект1\x64\debug\omegatest.obj
d:\гам\проект\kappa-build\проект1\проект1\x64\debug\trelax.obj
d:\гам\проект\kappa-build\проект1\проект1\x64\debug\interaction.obj
d:\гам\проект\kappa-build\проект1\проект1\x64\debug\molecule.obj
d:\гам\проект\kappa-build\проект1\проект1\x64\debug\particle.obj
d:\гам\проект\kappa-build\проект1\проект1\x64\debug\approximation_onet.obj
d:\гам\проект\kappa-build\проект1\проект1\x64\debug\numeric.obj
d:\гам\проект\kappa-build\проект1\проект1\x64\debug\atom.obj
d:\гам\проект\kappa-build\проект1\проект1\x64\debug\vss.obj
d:\гам\проект\kappa-build\проект1\проект1\x64\debug\c_rot.obj
d:\гам\проект\kappa-build\проект1\проект1\x64\debug\viscous.obj
d:\гам\проект\kappa-build\проект1\проект1\x64\debug\omega.obj
d:\гам\проект\kappa-build\проект1\проект1\x64\debug\omegabcetest.obj
d:\гам\проект\kappa-build\проект1\проект1\x64\debug\omega_nc_test.obj
d:\гам\проект\kappa-build\проект1\проект1\x64\debug\mixture.obj
d:\гам\проект\kappa-build\проект1\проект1\x64\debug\bulk_visk.obj
d:\гам\проект\kappa-build\проект1\проект1\x64\debug\thermodiffusion.obj
c:\users\chikitkin\downloads\проект-20200514t111404z-001\проект\kappa-build\проект1\проект1\x64\debug\vc140.pdb
c:\users\chikitkin\downloads\проект-20200514t111404z-001\проект\kappa-build\проект1\проект1\x64\debug\vc140.idb
d:\гам\проект\kappa-build\проект1\x64\debug\проект1.ilk
d:\гам\проект\kappa-build\проект1\x64\debug\проект1.exe
d:\гам\проект\kappa-build\проект1\x64\debug\проект1.pdb
c:\users\chikitkin\downloads\проект-20200514t111404z-001\проект\kappa-build\проект1\проект1\x64\debug\bulk_visk.obj
c:\users\chikitkin\downloads\проект-20200514t111404z-001\проект\kappa-build\проект1\проект1\x64\debug\c_rot.obj
c:\users\chikitkin\downloads\проект-20200514t111404z-001\проект\kappa-build\проект1\проект1\x64\debug\omega.obj
c:\users\chikitkin\downloads\проект-20200514t111404z-001\проект\kappa-build\проект1\проект1\x64\debug\omegabcetest.obj
c:\users\chikitkin\downloads\проект-20200514t111404z-001\проект\kappa-build\проект1\проект1\x64\debug\omegatest.obj
c:\users\chikitkin\downloads\проект-20200514t111404z-001\проект\kappa-build\проект1\проект1\x64\debug\omega_ci_rot.obj
c:\users\chikitkin\downloads\проект-20200514t111404z-001\проект\kappa-build\проект1\проект1\x64\debug\omega_nc_test.obj
c:\users\chikitkin\downloads\проект-20200514t111404z-001\проект\kappa-build\проект1\проект1\x64\debug\trelax.obj
c:\users\chikitkin\downloads\проект-20200514t111404z-001\проект\kappa-build\проект1\проект1\x64\debug\viscous.obj
c:\users\chikitkin\downloads\проект-20200514t111404z-001\проект\kappa-build\проект1\проект1\x64\debug\vss.obj
c:\users\chikitkin\downloads\проект-20200514t111404z-001\проект\kappa-build\проект1\x64\debug\проект1.pdb
c:\users\chikitkin\downloads\проект-20200514t111404z-001\проект\kappa-build\проект1\x64\debug\проект1.exe
c:\users\chikitkin\downloads\проект-20200514t111404z-001\проект\kappa-build\проект1\x64\debug\проект1.ilk
c:\users\chikitkin\downloads\проект-20200514t111404z-001\проект\kappa-build\проект1\проект1\x64\debug\проект1.tlog\cl.command.1.tlog
c:\users\chikitkin\downloads\проект-20200514t111404z-001\проект\kappa-build\проект1\проект1\x64\debug\проект1.tlog\cl.read.1.tlog
c:\users\chikitkin\downloads\проект-20200514t111404z-001\проект\kappa-build\проект1\проект1\x64\debug\проект1.tlog\cl.write.1.tlog
c:\users\chikitkin\downloads\проект-20200514t111404z-001\проект\kappa-build\проект1\проект1\x64\debug\проект1.tlog\link.command.1.tlog
c:\users\chikitkin\downloads\проект-20200514t111404z-001\проект\kappa-build\проект1\проект1\x64\debug\проект1.tlog\link.read.1.tlog
c:\users\chikitkin\downloads\проект-20200514t111404z-001\проект\kappa-build\проект1\проект1\x64\debug\проект1.tlog\link.write.1.tlog
